mem:mem
cyclesToHalt:cyclesToHalt
irqRequested:irqRequested
irqType:irqType
REG_ACC:REG_ACC
REG_X:REG_X
REG_Y:REG_Y
REG_SP:REG_SP
REG_PC:REG_PC
REG_PC_NEW:REG_PC_NEW
REG_STATUS:REG_STATUS
F_CARRY:F_CARRY
F_DECIMAL:F_DECIMAL
F_INTERRUPT:F_INTERRUPT
F_INTERRUPT_NEW:F_INTERRUPT_NEW
F_OVERFLOW:F_OVERFLOW
F_SIGN:F_SIGN
F_ZERO:F_ZERO
F_NOTUSED:F_NOTUSED
F_NOTUSED_NEW:F_NOTUSED_NEW
F_BRK:F_BRK
F_BRK_NEW:F_BRK_NEW
vramMem:vramMem
spriteMem:spriteMem
cntFV:cntFV
cntV:cntV
cntH:cntH
cntVT:cntVT
cntHT:cntHT
regFV:regFV
regV:regV
regH:regH
regVT:regVT
regHT:regHT
regFH:regFH
regS:regS
vramAddress:vramAddress
vramTmpAddress:vramTmpAddress
f_nmiOnVblank:f_nmiOnVblank
f_spriteSize:f_spriteSize
f_bgPatternTable:f_bgPatternTable
f_spPatternTable:f_spPatternTable
f_addrInc:f_addrInc
f_nTblAddress:f_nTblAddress
f_color:f_color
f_spVisibility:f_spVisibility
f_bgVisibility:f_bgVisibility
f_spClipping:f_spClipping
f_bgClipping:f_bgClipping
f_dispType:f_dispType
vramBufferedReadValue:vramBufferedReadValue
firstWrite:firstWrite
currentMirroring:currentMirroring
vramMirrorTable:vramMirrorTable
ntable1:ntable1
sramAddress:sramAddress
hitSpr0:hitSpr0
sprPalette:sprPalette
imgPalette:imgPalette
curX:curX
scanline:scanline
lastRenderedScanline:lastRenderedScanline
curNt:curNt
scantile:scantile
attrib:attrib
buffer:buffer
bgbuffer:bgbuffer
pixrendered:pixrendered
requestEndFrame:requestEndFrame
nmiOk:nmiOk
dummyCycleToggle:dummyCycleToggle
nmiCounter:nmiCounter
validTileData:validTileData
scanlineAlreadyRendered:scanlineAlreadyRendered
